0 info it worked if it ends with ok
1 verbose cli [ '/usr/local/bin/node',
1 verbose cli   '/usr/local/bin/npm',
1 verbose cli   'install',
1 verbose cli   '-g',
1 verbose cli   'ios-deploy' ]
2 info using npm@2.15.9
3 info using node@v4.6.0
4 verbose install initial load of /usr/local/lib/package.json
5 verbose readDependencies loading dependencies from /usr/local/lib/package.json
6 silly cache add args [ 'ios-deploy', null ]
7 verbose cache add spec ios-deploy
8 silly cache add parsed spec Result {
8 silly cache add   raw: 'ios-deploy',
8 silly cache add   scope: null,
8 silly cache add   name: 'ios-deploy',
8 silly cache add   rawSpec: '',
8 silly cache add   spec: 'latest',
8 silly cache add   type: 'tag' }
9 silly addNamed ios-deploy@latest
10 verbose addNamed "latest" is being treated as a dist-tag for ios-deploy
11 info addNameTag [ 'ios-deploy', 'latest' ]
12 silly mapToRegistry name ios-deploy
13 silly mapToRegistry using default registry
14 silly mapToRegistry registry https://registry.npmjs.org/
15 silly mapToRegistry data Result {
15 silly mapToRegistry   raw: 'ios-deploy',
15 silly mapToRegistry   scope: null,
15 silly mapToRegistry   name: 'ios-deploy',
15 silly mapToRegistry   rawSpec: '',
15 silly mapToRegistry   spec: 'latest',
15 silly mapToRegistry   type: 'tag' }
16 silly mapToRegistry uri https://registry.npmjs.org/ios-deploy
17 verbose addNameTag registry:https://registry.npmjs.org/ios-deploy not in flight; fetching
18 verbose request uri https://registry.npmjs.org/ios-deploy
19 verbose request no auth needed
20 info attempt registry request try #1 at 08:58:16
21 verbose request id 4ff6ef5ac6e89dfc
22 verbose etag "5ALDUQ1GLDBEYMDJK8RUMV18V"
23 http request GET https://registry.npmjs.org/ios-deploy
24 http 200 https://registry.npmjs.org/ios-deploy
25 verbose headers { server: 'nginx/1.10.1',
25 verbose headers   'content-type': 'application/json',
25 verbose headers   'last-modified': 'Mon, 17 Oct 2016 01:47:13 GMT',
25 verbose headers   etag: 'W/"58042da1-9e49"',
25 verbose headers   'content-encoding': 'gzip',
25 verbose headers   'cache-control': 'max-age=300',
25 verbose headers   'content-length': '6229',
25 verbose headers   'accept-ranges': 'bytes',
25 verbose headers   date: 'Wed, 23 Nov 2016 08:58:11 GMT',
25 verbose headers   via: '1.1 varnish',
25 verbose headers   age: '157',
25 verbose headers   connection: 'keep-alive',
25 verbose headers   'x-served-by': 'cache-cdg8729-CDG',
25 verbose headers   'x-cache': 'HIT',
25 verbose headers   'x-cache-hits': '1',
25 verbose headers   'x-timer': 'S1479891491.690459,VS0,VE0',
25 verbose headers   vary: 'Accept-Encoding' }
26 silly get cb [ 200,
26 silly get   { server: 'nginx/1.10.1',
26 silly get     'content-type': 'application/json',
26 silly get     'last-modified': 'Mon, 17 Oct 2016 01:47:13 GMT',
26 silly get     etag: 'W/"58042da1-9e49"',
26 silly get     'content-encoding': 'gzip',
26 silly get     'cache-control': 'max-age=300',
26 silly get     'content-length': '6229',
26 silly get     'accept-ranges': 'bytes',
26 silly get     date: 'Wed, 23 Nov 2016 08:58:11 GMT',
26 silly get     via: '1.1 varnish',
26 silly get     age: '157',
26 silly get     connection: 'keep-alive',
26 silly get     'x-served-by': 'cache-cdg8729-CDG',
26 silly get     'x-cache': 'HIT',
26 silly get     'x-cache-hits': '1',
26 silly get     'x-timer': 'S1479891491.690459,VS0,VE0',
26 silly get     vary: 'Accept-Encoding' } ]
27 verbose get saving ios-deploy to /Users/joaotavares/.npm/registry.npmjs.org/ios-deploy/.cache.json
28 verbose correctMkdir /Users/joaotavares/.npm correctMkdir not in flight; initializing
29 silly addNameTag next cb for ios-deploy with tag latest
30 silly addNamed ios-deploy@1.9.0
31 verbose addNamed "1.9.0" is a plain semver version for ios-deploy
32 silly mapToRegistry name ios-deploy
33 silly mapToRegistry using default registry
34 silly mapToRegistry registry https://registry.npmjs.org/
35 silly mapToRegistry data Result {
35 silly mapToRegistry   raw: 'ios-deploy',
35 silly mapToRegistry   scope: null,
35 silly mapToRegistry   name: 'ios-deploy',
35 silly mapToRegistry   rawSpec: '',
35 silly mapToRegistry   spec: 'latest',
35 silly mapToRegistry   type: 'tag' }
36 silly mapToRegistry uri https://registry.npmjs.org/ios-deploy
37 verbose addRemoteTarball https://registry.npmjs.org/ios-deploy/-/ios-deploy-1.9.0.tgz not in flight; adding
38 verbose addRemoteTarball [ 'https://registry.npmjs.org/ios-deploy/-/ios-deploy-1.9.0.tgz',
38 verbose addRemoteTarball   '9f065b9dd78143df51c8a740dac974615b950984' ]
39 info retry fetch attempt 1 at 08:58:16
40 info attempt registry request try #1 at 08:58:16
41 http fetch GET https://registry.npmjs.org/ios-deploy/-/ios-deploy-1.9.0.tgz
42 http fetch 200 https://registry.npmjs.org/ios-deploy/-/ios-deploy-1.9.0.tgz
43 silly fetchAndShaCheck shasum 9f065b9dd78143df51c8a740dac974615b950984
44 verbose addTmpTarball /tmp/npm-6330-1c426fe7/registry.npmjs.org/ios-deploy/-/ios-deploy-1.9.0.tgz not in flight; adding
45 verbose addTmpTarball already have metadata; skipping unpack for ios-deploy@1.9.0
46 verbose correctMkdir /Users/joaotavares/.npm correctMkdir not in flight; initializing
47 silly cache afterAdd ios-deploy@1.9.0
48 verbose afterAdd /Users/joaotavares/.npm/ios-deploy/1.9.0/package/package.json not in flight; writing
49 verbose correctMkdir /Users/joaotavares/.npm correctMkdir not in flight; initializing
50 verbose afterAdd /Users/joaotavares/.npm/ios-deploy/1.9.0/package/package.json written
51 silly install resolved [ { name: 'ios-deploy',
51 silly install resolved     version: '1.9.0',
51 silly install resolved     os: [ 'darwin' ],
51 silly install resolved     description: 'launch iOS apps iOS devices from the command line (Xcode 7)',
51 silly install resolved     main: 'ios-deploy',
51 silly install resolved     scripts:
51 silly install resolved      { preinstall: './src/scripts/check_reqs.js && xcodebuild',
51 silly install resolved        test: 'npm run pycompile && npm run jshint && xcodebuild -target ios-deploy-lib && xcodebuild test -scheme ios-deploy-tests',
51 silly install resolved        jshint: 'node node_modules/jshint/bin/jshint src/scripts/*.js',
51 silly install resolved        pycompile: 'python -m py_compile src/scripts/*.py' },
51 silly install resolved     bin: { 'ios-deploy': './build/Release/ios-deploy' },
51 silly install resolved     repository:
51 silly install resolved      { type: 'git',
51 silly install resolved        url: 'git+https://github.com/phonegap/ios-deploy.git' },
51 silly install resolved     devDependencies: { jshint: '2.5.8' },
51 silly install resolved     keywords: [ 'ios-deploy', 'deploy to iOS device' ],
51 silly install resolved     bugs: { url: 'https://github.com/phonegap/ios-deploy/issues' },
51 silly install resolved     author: { name: 'Greg Hughes' },
51 silly install resolved     license: 'GPLv3',
51 silly install resolved     gitHead: '4346b331b703db43aeb3f9281c509042a551f2cc',
51 silly install resolved     homepage: 'https://github.com/phonegap/ios-deploy#readme',
51 silly install resolved     _id: 'ios-deploy@1.9.0',
51 silly install resolved     _shasum: '9f065b9dd78143df51c8a740dac974615b950984',
51 silly install resolved     _from: 'ios-deploy@latest',
51 silly install resolved     _npmVersion: '3.10.3',
51 silly install resolved     _nodeVersion: '6.4.0',
51 silly install resolved     _npmUser: { name: 'shazron', email: 'shazron@gmail.com' },
51 silly install resolved     dist:
51 silly install resolved      { shasum: '9f065b9dd78143df51c8a740dac974615b950984',
51 silly install resolved        tarball: 'https://registry.npmjs.org/ios-deploy/-/ios-deploy-1.9.0.tgz' },
51 silly install resolved     maintainers: [ [Object], [Object], [Object] ],
51 silly install resolved     _npmOperationalInternal:
51 silly install resolved      { host: 'packages-16-east.internal.npmjs.com',
51 silly install resolved        tmp: 'tmp/ios-deploy-1.9.0.tgz_1474020371227_0.9639754295349121' },
51 silly install resolved     directories: {},
51 silly install resolved     _resolved: 'https://registry.npmjs.org/ios-deploy/-/ios-deploy-1.9.0.tgz' } ]
52 info install ios-deploy@1.9.0 into /usr/local/lib
53 info installOne ios-deploy@1.9.0
54 verbose installOne of ios-deploy to /usr/local/lib not in flight; installing
55 verbose correctMkdir /Users/joaotavares/.npm/_locks correctMkdir not in flight; initializing
56 verbose lock using /Users/joaotavares/.npm/_locks/ios-deploy-198957223cd98201.lock for /usr/local/lib/node_modules/ios-deploy
57 silly install write writing ios-deploy 1.9.0 to /usr/local/lib/node_modules/ios-deploy
58 verbose unbuild lib/node_modules/ios-deploy
59 silly gentlyRm /usr/local/lib/node_modules/ios-deploy is being purged from base /usr/local
60 verbose gentlyRm don't care about contents; nuking /usr/local/lib/node_modules/ios-deploy
61 verbose tar unpack /Users/joaotavares/.npm/ios-deploy/1.9.0/package.tgz
62 verbose tar unpacking to /usr/local/lib/node_modules/ios-deploy
63 silly gentlyRm /usr/local/lib/node_modules/ios-deploy is being purged
64 verbose gentlyRm don't care about contents; nuking /usr/local/lib/node_modules/ios-deploy
65 silly gunzTarPerm modes [ '755', '644' ]
66 silly gunzTarPerm extractEntry package.json
67 silly gunzTarPerm extractEntry .npmignore
68 silly gunzTarPerm extractEntry README.md
69 silly gunzTarPerm extractEntry LICENSE
70 silly gunzTarPerm extractEntry demo/.npmignore
71 silly gunzTarPerm extractEntry demo/Entitlements.plist
72 silly gunzTarPerm extractEntry demo/Info.plist
73 silly gunzTarPerm extractEntry demo/Makefile
74 silly gunzTarPerm extractEntry demo/ResourceRules.plist
75 silly gunzTarPerm extractEntry demo/demo.c
76 silly gunzTarPerm extractEntry ios-deploy.xcodeproj/project.pbxproj
77 silly gunzTarPerm extractEntry ios-deploy.xcodeproj/project.xcworkspace/contents.xcworkspacedata
78 silly gunzTarPerm extractEntry ios-deploy.xcodeproj/project.xcworkspace/xcuserdata/shazron.xcuserdatad/UserInterfaceState.xcuserstate
79 silly gunzTarPerm extractEntry ios-deploy.xcodeproj/xcshareddata/xcschemes/ios-deploy-tests.xcscheme
80 silly gunzTarPerm extractEntry ios-deploy.xcodeproj/xcuserdata/shazron.xcuserdatad/xcschemes/ios-deploy-lib.xcscheme
81 silly gunzTarPerm extractEntry ios-deploy.xcodeproj/xcuserdata/shazron.xcuserdatad/xcschemes/ios-deploy.xcscheme
82 silly gunzTarPerm extractEntry ios-deploy.xcodeproj/xcuserdata/shazron.xcuserdatad/xcschemes/xcschememanagement.plist
83 silly gunzTarPerm extractEntry CONTRIBUTING.md
84 silly gunzTarPerm extractEntry src/ios-deploy/MobileDevice.h
85 silly gunzTarPerm extractEntry src/ios-deploy/errors.h
86 silly gunzTarPerm extractEntry src/ios-deploy/ios-deploy.m
87 silly gunzTarPerm extractEntry src/ios-deploy/version.h
88 silly gunzTarPerm extractEntry src/ios-deploy-lib/libios_deploy.h
89 silly gunzTarPerm extractEntry src/ios-deploy-lib/libios_deploy.m
90 silly gunzTarPerm extractEntry src/ios-deploy-tests/Info.plist
91 silly gunzTarPerm extractEntry src/ios-deploy-tests/ios_deploy_tests.m
92 silly gunzTarPerm extractEntry src/scripts/check_reqs.js
93 silly gunzTarPerm extractEntry src/scripts/lldb.py
94 verbose write writing to /usr/local/lib/node_modules/ios-deploy/package.json
95 info preinstall ios-deploy@1.9.0
96 verbose unsafe-perm in lifecycle false
97 info ios-deploy@1.9.0 Failed to exec preinstall script
98 verbose unlock done using /Users/joaotavares/.npm/_locks/ios-deploy-198957223cd98201.lock for /usr/local/lib/node_modules/ios-deploy
99 verbose stack Error: ios-deploy@1.9.0 preinstall: `./src/scripts/check_reqs.js && xcodebuild`
99 verbose stack Exit status 134
99 verbose stack     at EventEmitter.<anonymous> (/usr/local/lib/node_modules/npm/lib/utils/lifecycle.js:217:16)
99 verbose stack     at emitTwo (events.js:87:13)
99 verbose stack     at EventEmitter.emit (events.js:172:7)
99 verbose stack     at ChildProcess.<anonymous> (/usr/local/lib/node_modules/npm/lib/utils/spawn.js:24:14)
99 verbose stack     at emitTwo (events.js:87:13)
99 verbose stack     at ChildProcess.emit (events.js:172:7)
99 verbose stack     at maybeClose (internal/child_process.js:829:16)
99 verbose stack     at Process.ChildProcess._handle.onexit (internal/child_process.js:211:5)
100 verbose pkgid ios-deploy@1.9.0
101 verbose cwd /Users/joaotavares/Documents/gitRepo/ionic_learn/coffeListApp
102 error Darwin 15.5.0
103 error argv "/usr/local/bin/node" "/usr/local/bin/npm" "install" "-g" "ios-deploy"
104 error node v4.6.0
105 error npm  v2.15.9
106 error code ELIFECYCLE
107 error ios-deploy@1.9.0 preinstall: `./src/scripts/check_reqs.js && xcodebuild`
107 error Exit status 134
108 error Failed at the ios-deploy@1.9.0 preinstall script './src/scripts/check_reqs.js && xcodebuild'.
108 error This is most likely a problem with the ios-deploy package,
108 error not with npm itself.
108 error Tell the author that this fails on your system:
108 error     ./src/scripts/check_reqs.js && xcodebuild
108 error You can get information on how to open an issue for this project with:
108 error     npm bugs ios-deploy
108 error Or if that isn't available, you can get their info via:
108 error
108 error     npm owner ls ios-deploy
108 error There is likely additional logging output above.
109 verbose exit [ 1, true ]
110 verbose unbuild lib/node_modules/ios-deploy
111 info preuninstall ios-deploy@1.9.0
112 info uninstall ios-deploy@1.9.0
113 verbose unbuild rmStuff ios-deploy@1.9.0 from /usr/local/lib/node_modules
114 silly gentlyRm /usr/local/bin/ios-deploy is being gently removed
115 silly gentlyRm verifying /usr/local is an npm working directory
116 silly gentlyRm containing path /usr/local is under npm's control, in /usr/local
117 silly gentlyRm deletion target /usr/local/bin/ios-deploy is under /usr/local
118 verbose gentlyRm vacuuming from /usr/local/bin/ios-deploy up to /usr/local
119 info postuninstall ios-deploy@1.9.0
120 silly gentlyRm /usr/local/lib/node_modules/ios-deploy is being purged from base /usr/local
121 verbose gentlyRm don't care about contents; nuking /usr/local/lib/node_modules/ios-deploy
122 silly vacuum-fs purging /usr/local/lib/node_modules/ios-deploy
123 silly vacuum-fs quitting because other entries in /usr/local/lib/node_modules
